# JRE version: Java(TM) SE Runtime Environment (8.0_74-b02) (build 1.8.0_74-b02)
# Java VM: Java HotSpot(TM) 64-Bit Server VM (25.74-b02 mixed mode linux-amd64 compressed oops)
Heap:
 PSYoungGen      total 493568K, used 415775K [0x000000076ce00000, 0x000000078d180000, 0x00000007c0000000)
  eden space 493056K, 84% used [0x000000076ce00000,0x00000007863efd20,0x000000078af80000)
  from space 512K, 18% used [0x000000078c580000,0x000000078c598000,0x000000078c600000)
  to   space 11776K, 0% used [0x000000078c600000,0x000000078c600000,0x000000078d180000)
 ParOldGen       total 171008K, used 6282K [0x00000006c6a00000, 0x00000006d1100000, 0x000000076ce00000)
  object space 171008K, 3% used [0x00000006c6a00000,0x00000006c70228f0,0x00000006d1100000)
 Metaspace       used 19053K, capacity 19278K, committed 19456K, reserved 1067008K
  class space    used 1711K, capacity 1763K, committed 1792K, reserved 1048576K
GC Heap History (10 events):
Event: 9.705 GC heap before
{Heap before GC invocations=5 (full 0):
 PSYoungGen      total 139264K, used 135248K [0x000000076ce00000, 0x0000000776000000, 0x00000007c0000000)
  eden space 129024K, 100% used [0x000000076ce00000,0x0000000774c00000,0x0000000774c00000)
  from space 10240K, 60% used [0x0000000775600000,0x0000000775c14240,0x0000000776000000)
  to   space 10240K, 0% used [0x0000000774c00000,0x0000000774c00000,0x0000000775600000)
 ParOldGen       total 171008K, used 173K [0x00000006c6a00000, 0x00000006d1100000, 0x000000076ce00000)
  object space 171008K, 0% used [0x00000006c6a00000,0x00000006c6a2b5b0,0x00000006d1100000)
 Metaspace       used 18847K, capacity 19022K, committed 19200K, reserved 1067008K
  class space    used 1708K, capacity 1763K, committed 1792K, reserved 1048576K
Event: 9.737 GC heap after
Heap after GC invocations=5 (full 0):
 PSYoungGen      total 139264K, used 6224K [0x000000076ce00000, 0x000000077de00000, 0x00000007c0000000)
  eden space 129024K, 0% used [0x000000076ce00000,0x000000076ce00000,0x0000000774c00000)
  from space 10240K, 60% used [0x0000000774c00000,0x0000000775214240,0x0000000775600000)
  to   space 10240K, 0% used [0x000000077d400000,0x000000077d400000,0x000000077de00000)
 ParOldGen       total 171008K, used 181K [0x00000006c6a00000, 0x00000006d1100000, 0x000000076ce00000)
  object space 171008K, 0% used [0x00000006c6a00000,0x00000006c6a2d5b0,0x00000006d1100000)
 Metaspace       used 18847K, capacity 19022K, committed 19200K, reserved 1067008K
  class space    used 1708K, capacity 1763K, committed 1792K, reserved 1048576K
}
Event: 11.254 GC heap before
{Heap before GC invocations=6 (full 0):
 PSYoungGen      total 139264K, used 135248K [0x000000076ce00000, 0x000000077de00000, 0x00000007c0000000)
  eden space 129024K, 100% used [0x000000076ce00000,0x0000000774c00000,0x0000000774c00000)
  from space 10240K, 60% used [0x0000000774c00000,0x0000000775214240,0x0000000775600000)
  to   space 10240K, 0% used [0x000000077d400000,0x000000077d400000,0x000000077de00000)
 ParOldGen       total 171008K, used 181K [0x00000006c6a00000, 0x00000006d1100000, 0x000000076ce00000)
  object space 171008K, 0% used [0x00000006c6a00000,0x00000006c6a2d5b0,0x00000006d1100000)
 Metaspace       used 18927K, capacity 19086K, committed 19456K, reserved 1067008K
  class space    used 1708K, capacity 1763K, committed 1792K, reserved 1048576K
Event: 11.274 GC heap after
Heap after GC invocations=6 (full 0):
 PSYoungGen      total 268288K, used 6256K [0x000000076ce00000, 0x000000077de00000, 0x00000007c0000000)
  eden space 258048K, 0% used [0x000000076ce00000,0x000000076ce00000,0x000000077ca00000)
  from space 10240K, 61% used [0x000000077d400000,0x000000077da1c260,0x000000077de00000)
  to   space 10240K, 0% used [0x000000077ca00000,0x000000077ca00000,0x000000077d400000)
 ParOldGen       total 171008K, used 189K [0x00000006c6a00000, 0x00000006d1100000, 0x000000076ce00000)
  object space 171008K, 0% used [0x00000006c6a00000,0x00000006c6a2f5b0,0x00000006d1100000)
 Metaspace       used 18927K, capacity 19086K, committed 19456K, reserved 1067008K
  class space    used 1708K, capacity 1763K, committed 1792K, reserved 1048576K
}
Event: 14.304 GC heap before
{Heap before GC invocations=7 (full 0):
 PSYoungGen      total 268288K, used 264304K [0x000000076ce00000, 0x000000077de00000, 0x00000007c0000000)
  eden space 258048K, 100% used [0x000000076ce00000,0x000000077ca00000,0x000000077ca00000)
  from space 10240K, 61% used [0x000000077d400000,0x000000077da1c260,0x000000077de00000)
  to   space 10240K, 0% used [0x000000077ca00000,0x000000077ca00000,0x000000077d400000)
 ParOldGen       total 171008K, used 189K [0x00000006c6a00000, 0x00000006d1100000, 0x000000076ce00000)
  object space 171008K, 0% used [0x00000006c6a00000,0x00000006c6a2f5b0,0x00000006d1100000)
 Metaspace       used 18989K, capacity 19150K, committed 19456K, reserved 1067008K
  class space    used 1708K, capacity 1763K, committed 1792K, reserved 1048576K
Event: 14.323 GC heap after
Heap after GC invocations=7 (full 0):
 PSYoungGen      total 268288K, used 192K [0x000000076ce00000, 0x000000078dc00000, 0x00000007c0000000)
  eden space 258048K, 0% used [0x000000076ce00000,0x000000076ce00000,0x000000077ca00000)
  from space 10240K, 1% used [0x000000077ca00000,0x000000077ca30000,0x000000077d400000)
  to   space 11264K, 0% used [0x000000078d100000,0x000000078d100000,0x000000078dc00000)
 ParOldGen       total 171008K, used 6226K [0x00000006c6a00000, 0x00000006d1100000, 0x000000076ce00000)
  object space 171008K, 3% used [0x00000006c6a00000,0x00000006c70148f0,0x00000006d1100000)
 Metaspace       used 18989K, capacity 19150K, committed 19456K, reserved 1067008K
  class space    used 1708K, capacity 1763K, committed 1792K, reserved 1048576K
}
Event: 17.354 GC heap before
{Heap before GC invocations=8 (full 0):
 PSYoungGen      total 268288K, used 258240K [0x000000076ce00000, 0x000000078dc00000, 0x00000007c0000000)
  eden space 258048K, 100% used [0x000000076ce00000,0x000000077ca00000,0x000000077ca00000)
  from space 10240K, 1% used [0x000000077ca00000,0x000000077ca30000,0x000000077d400000)
  to   space 11264K, 0% used [0x000000078d100000,0x000000078d100000,0x000000078dc00000)
 ParOldGen       total 171008K, used 6226K [0x00000006c6a00000, 0x00000006d1100000, 0x000000076ce00000)
  object space 171008K, 3% used [0x00000006c6a00000,0x00000006c70148f0,0x00000006d1100000)
 Metaspace       used 19035K, capacity 19214K, committed 19456K, reserved 1067008K
  class space    used 1708K, capacity 1763K, committed 1792K, reserved 1048576K
Event: 17.363 GC heap after
Heap after GC invocations=8 (full 0):
 PSYoungGen      total 526848K, used 192K [0x000000076ce00000, 0x000000078dd00000, 0x00000007c0000000)
  eden space 515584K, 0% used [0x000000076ce00000,0x000000076ce00000,0x000000078c580000)
  from space 11264K, 1% used [0x000000078d100000,0x000000078d130000,0x000000078dc00000)
  to   space 11776K, 0% used [0x000000078c580000,0x000000078c580000,0x000000078d100000)
 ParOldGen       total 171008K, used 6242K [0x00000006c6a00000, 0x00000006d1100000, 0x000000076ce00000)
  object space 171008K, 3% used [0x00000006c6a00000,0x00000006c70188f0,0x00000006d1100000)
 Metaspace       used 19035K, capacity 19214K, committed 19456K, reserved 1067008K
  class space    used 1708K, capacity 1763K, committed 1792K, reserved 1048576K
}
Event: 24.745 GC heap before
{Heap before GC invocations=9 (full 0):
 PSYoungGen      total 526848K, used 515776K [0x000000076ce00000, 0x000000078dd00000, 0x00000007c0000000)
  eden space 515584K, 100% used [0x000000076ce00000,0x000000078c580000,0x000000078c580000)
  from space 11264K, 1% used [0x000000078d100000,0x000000078d130000,0x000000078dc00000)
  to   space 11776K, 0% used [0x000000078c580000,0x000000078c580000,0x000000078d100000)
 ParOldGen       total 171008K, used 6242K [0x00000006c6a00000, 0x00000006d1100000, 0x000000076ce00000)
  object space 171008K, 3% used [0x00000006c6a00000,0x00000006c70188f0,0x00000006d1100000)
 Metaspace       used 19036K, capacity 19278K, committed 19456K, reserved 1067008K
  class space    used 1708K, capacity 1763K, committed 1792K, reserved 1048576K
Event: 24.748 GC heap after
Heap after GC invocations=9 (full 0):
 PSYoungGen      total 493568K, used 96K [0x000000076ce00000, 0x000000078d180000, 0x00000007c0000000)
  eden space 493056K, 0% used [0x000000076ce00000,0x000000076ce00000,0x000000078af80000)
  from space 512K, 18% used [0x000000078c580000,0x000000078c598000,0x000000078c600000)
  to   space 11776K, 0% used [0x000000078c600000,0x000000078c600000,0x000000078d180000)
 ParOldGen       total 171008K, used 6282K [0x00000006c6a00000, 0x00000006d1100000, 0x000000076ce00000)
  object space 171008K, 3% used [0x00000006c6a00000,0x00000006c70228f0,0x00000006d1100000)
 Metaspace       used 19036K, capacity 19278K, committed 19456K, reserved 1067008K
  class space    used 1708K, capacity 1763K, committed 1792K, reserved 1048576K
}

